2017-07-01 01:21:22,034 [INFO] from play.core.server.NettyServer in pool-4-thread-6 - Listening for HTTP on /0:0:0:0:0:0:0:0:9000
2017-07-01 01:21:23,801 [WARN] from application in ForkJoinPool-1-worker-1 - Logger configuration in conf files is deprecated and has no effect. Use a logback configuration file instead.
2017-07-01 01:21:25,756 [INFO] from play.api.Play in ForkJoinPool-1-worker-1 - Application started (Dev)
2017-07-01 01:33:13,537 [WARN] from application in application-akka.actor.default-dispatcher-20 - Logger configuration in conf files is deprecated and has no effect. Use a logback configuration file instead.
2017-07-01 01:33:13,639 [INFO] from play.api.Play in application-akka.actor.default-dispatcher-20 - Application started (Dev)
2017-07-01 01:38:52,463 [WARN] from application in application-akka.actor.default-dispatcher-2 - Logger configuration in conf files is deprecated and has no effect. Use a logback configuration file instead.
2017-07-01 01:38:52,552 [INFO] from play.api.Play in application-akka.actor.default-dispatcher-2 - Application started (Dev)
2017-07-01 01:38:52,619 [ERROR] from application in application-akka.actor.default-dispatcher-4 - 

! @74g0eakjp - Internal server error, for (GET) [/pbrowse] ->
 
play.api.http.HttpErrorHandlerExceptions$$anon$1: Execution exception[[SlickException: Read NULL value (null) for ResultSet column <computed>]]
	at play.api.http.HttpErrorHandlerExceptions$.throwableToUsefulException(HttpErrorHandler.scala:265) ~[play_2.11-2.4.9.jar:2.4.9]
	at play.api.http.DefaultHttpErrorHandler.onServerError(HttpErrorHandler.scala:191) ~[play_2.11-2.4.9.jar:2.4.9]
	at play.api.GlobalSettings$class.onError(GlobalSettings.scala:179) [play_2.11-2.4.9.jar:2.4.9]
	at play.api.DefaultGlobal$.onError(GlobalSettings.scala:212) [play_2.11-2.4.9.jar:2.4.9]
	at play.api.http.GlobalSettingsHttpErrorHandler.onServerError(HttpErrorHandler.scala:94) [play_2.11-2.4.9.jar:2.4.9]
	at play.filters.cors.AbstractCORSPolicy$$anonfun$1.applyOrElse(AbstractCORSPolicy.scala:145) [filters-helpers_2.11-2.4.9.jar:2.4.9]
	at play.filters.cors.AbstractCORSPolicy$$anonfun$1.applyOrElse(AbstractCORSPolicy.scala:144) [filters-helpers_2.11-2.4.9.jar:2.4.9]
	at scala.concurrent.Future$$anonfun$recoverWith$1.apply(Future.scala:344) [scala-library-2.11.7.jar:na]
	at scala.concurrent.Future$$anonfun$recoverWith$1.apply(Future.scala:343) [scala-library-2.11.7.jar:na]
	at scala.concurrent.impl.CallbackRunnable.run(Promise.scala:32) [scala-library-2.11.7.jar:na]
	at play.api.libs.iteratee.Execution$trampoline$.execute(Execution.scala:70) [play-iteratees_2.11-2.4.9.jar:2.4.9]
	at scala.concurrent.impl.CallbackRunnable.executeWithValue(Promise.scala:40) [scala-library-2.11.7.jar:na]
	at scala.concurrent.impl.Promise$DefaultPromise.tryComplete(Promise.scala:248) [scala-library-2.11.7.jar:na]
	at scala.concurrent.Promise$class.tryFailure(Promise.scala:112) [scala-library-2.11.7.jar:na]
	at scala.concurrent.impl.Promise$DefaultPromise.tryFailure(Promise.scala:153) [scala-library-2.11.7.jar:na]
	at play.api.mvc.Filter$$anon$1$$anonfun$apply$4$$anonfun$apply$1.applyOrElse(Filters.scala:67) [play_2.11-2.4.9.jar:2.4.9]
	at play.api.mvc.Filter$$anon$1$$anonfun$apply$4$$anonfun$apply$1.applyOrElse(Filters.scala:61) [play_2.11-2.4.9.jar:2.4.9]
	at scala.runtime.AbstractPartialFunction.apply(AbstractPartialFunction.scala:36) [scala-library-2.11.7.jar:na]
	at play.api.libs.iteratee.Iteratee$$anonfun$recoverM$1.applyOrElse(Iteratee.scala:629) [play-iteratees_2.11-2.4.9.jar:2.4.9]
	at play.api.libs.iteratee.Iteratee$$anonfun$recoverM$1.applyOrElse(Iteratee.scala:629) [play-iteratees_2.11-2.4.9.jar:2.4.9]
	at scala.runtime.AbstractPartialFunction.apply(AbstractPartialFunction.scala:36) [scala-library-2.11.7.jar:na]
	at scala.util.Failure$$anonfun$recover$1.apply(Try.scala:216) [scala-library-2.11.7.jar:na]
	at scala.util.Try$.apply(Try.scala:192) [scala-library-2.11.7.jar:na]
	at scala.util.Failure.recover(Try.scala:216) [scala-library-2.11.7.jar:na]
	at scala.concurrent.Future$$anonfun$recover$1.apply(Future.scala:324) [scala-library-2.11.7.jar:na]
	at scala.concurrent.Future$$anonfun$recover$1.apply(Future.scala:324) [scala-library-2.11.7.jar:na]
	at scala.concurrent.impl.CallbackRunnable.run(Promise.scala:32) [scala-library-2.11.7.jar:na]
	at akka.dispatch.BatchingExecutor$AbstractBatch.processBatch(BatchingExecutor.scala:55) [akka-actor_2.11-2.3.13.jar:na]
	at akka.dispatch.BatchingExecutor$BlockableBatch$$anonfun$run$1.apply$mcV$sp(BatchingExecutor.scala:91) [akka-actor_2.11-2.3.13.jar:na]
	at akka.dispatch.BatchingExecutor$BlockableBatch$$anonfun$run$1.apply(BatchingExecutor.scala:91) [akka-actor_2.11-2.3.13.jar:na]
	at akka.dispatch.BatchingExecutor$BlockableBatch$$anonfun$run$1.apply(BatchingExecutor.scala:91) [akka-actor_2.11-2.3.13.jar:na]
	at scala.concurrent.BlockContext$.withBlockContext(BlockContext.scala:72) [scala-library-2.11.7.jar:na]
	at akka.dispatch.BatchingExecutor$BlockableBatch.run(BatchingExecutor.scala:90) [akka-actor_2.11-2.3.13.jar:na]
	at akka.dispatch.TaskInvocation.run(AbstractDispatcher.scala:40) [akka-actor_2.11-2.3.13.jar:na]
	at akka.dispatch.ForkJoinExecutorConfigurator$AkkaForkJoinTask.exec(AbstractDispatcher.scala:397) [akka-actor_2.11-2.3.13.jar:na]
	at scala.concurrent.forkjoin.ForkJoinTask.doExec(ForkJoinTask.java:260) [scala-library-2.11.7.jar:na]
	at scala.concurrent.forkjoin.ForkJoinPool$WorkQueue.runTask(ForkJoinPool.java:1339) [scala-library-2.11.7.jar:na]
	at scala.concurrent.forkjoin.ForkJoinPool.runWorker(ForkJoinPool.java:1979) [scala-library-2.11.7.jar:na]
	at scala.concurrent.forkjoin.ForkJoinWorkerThread.run(ForkJoinWorkerThread.java:107) [scala-library-2.11.7.jar:na]
Caused by: slick.SlickException: Read NULL value (null) for ResultSet column <computed>
	at slick.jdbc.SpecializedJdbcResultConverter$$anon$1.read(SpecializedJdbcResultConverters.scala:27) ~[slick_2.11-3.1.0.jar:na]
	at slick.jdbc.SpecializedJdbcResultConverter$$anon$1.read(SpecializedJdbcResultConverters.scala:24) ~[slick_2.11-3.1.0.jar:na]
	at slick.relational.ProductResultConverter.read(ResultConverter.scala:56) ~[slick_2.11-3.1.0.jar:na]
	at slick.relational.ProductResultConverter.read(ResultConverter.scala:46) ~[slick_2.11-3.1.0.jar:na]
	at slick.relational.TypeMappingResultConverter.read(ResultConverter.scala:136) ~[slick_2.11-3.1.0.jar:na]
	at slick.driver.JdbcInvokerComponent$QueryInvokerImpl.extractValue(JdbcInvokerComponent.scala:37) ~[slick_2.11-3.1.0.jar:na]
	at slick.jdbc.StatementInvoker$$anon$1.extractValue(StatementInvoker.scala:67) ~[slick_2.11-3.1.0.jar:na]
	at slick.jdbc.PositionedResultIterator.fetchNext(PositionedResult.scala:176) ~[slick_2.11-3.1.0.jar:na]
	at slick.util.ReadAheadIterator$class.slick$util$ReadAheadIterator$$update(ReadAheadIterator.scala:34) ~[slick_2.11-3.1.0.jar:na]
	at slick.util.ReadAheadIterator$class.hasNext(ReadAheadIterator.scala:40) ~[slick_2.11-3.1.0.jar:na]
	at slick.jdbc.PositionedResultIterator.hasNext(PositionedResult.scala:167) ~[slick_2.11-3.1.0.jar:na]
	at scala.collection.Iterator$class.foreach(Iterator.scala:742) ~[scala-library-2.11.7.jar:na]
	at slick.jdbc.PositionedResultIterator.foreach(PositionedResult.scala:167) ~[slick_2.11-3.1.0.jar:na]
	at slick.jdbc.Invoker$class.foreach(Invoker.scala:49) ~[slick_2.11-3.1.0.jar:na]
	at slick.jdbc.StatementInvoker.foreach(StatementInvoker.scala:16) ~[slick_2.11-3.1.0.jar:na]
	at slick.jdbc.StreamingInvokerAction$class.run(StreamingInvokerAction.scala:22) ~[slick_2.11-3.1.0.jar:na]
	at slick.driver.JdbcActionComponent$QueryActionExtensionMethodsImpl$$anon$1.run(JdbcActionComponent.scala:218) ~[slick_2.11-3.1.0.jar:na]
	at slick.driver.JdbcActionComponent$QueryActionExtensionMethodsImpl$$anon$1.run(JdbcActionComponent.scala:218) ~[slick_2.11-3.1.0.jar:na]
	at slick.backend.DatabaseComponent$DatabaseDef$$anon$2.liftedTree1$1(DatabaseComponent.scala:237) ~[slick_2.11-3.1.0.jar:na]
	at slick.backend.DatabaseComponent$DatabaseDef$$anon$2.run(DatabaseComponent.scala:237) ~[slick_2.11-3.1.0.jar:na]
	at java.util.concurrent.ThreadPoolExecutor.runWorker(ThreadPoolExecutor.java:1142) ~[na:1.8.0_131]
	at java.util.concurrent.ThreadPoolExecutor$Worker.run(ThreadPoolExecutor.java:617) ~[na:1.8.0_131]
	at java.lang.Thread.run(Thread.java:748) ~[na:1.8.0_131]
2017-07-01 01:39:02,883 [ERROR] from application in application-akka.actor.default-dispatcher-3 - 

! @74g0eb9on - Internal server error, for (GET) [/pbrowse] ->
 
play.api.http.HttpErrorHandlerExceptions$$anon$1: Execution exception[[SlickException: Read NULL value (null) for ResultSet column <computed>]]
	at play.api.http.HttpErrorHandlerExceptions$.throwableToUsefulException(HttpErrorHandler.scala:265) ~[play_2.11-2.4.9.jar:2.4.9]
	at play.api.http.DefaultHttpErrorHandler.onServerError(HttpErrorHandler.scala:191) ~[play_2.11-2.4.9.jar:2.4.9]
	at play.api.GlobalSettings$class.onError(GlobalSettings.scala:179) [play_2.11-2.4.9.jar:2.4.9]
	at play.api.DefaultGlobal$.onError(GlobalSettings.scala:212) [play_2.11-2.4.9.jar:2.4.9]
	at play.api.http.GlobalSettingsHttpErrorHandler.onServerError(HttpErrorHandler.scala:94) [play_2.11-2.4.9.jar:2.4.9]
	at play.filters.cors.AbstractCORSPolicy$$anonfun$1.applyOrElse(AbstractCORSPolicy.scala:145) [filters-helpers_2.11-2.4.9.jar:2.4.9]
	at play.filters.cors.AbstractCORSPolicy$$anonfun$1.applyOrElse(AbstractCORSPolicy.scala:144) [filters-helpers_2.11-2.4.9.jar:2.4.9]
	at scala.concurrent.Future$$anonfun$recoverWith$1.apply(Future.scala:344) [scala-library-2.11.7.jar:na]
	at scala.concurrent.Future$$anonfun$recoverWith$1.apply(Future.scala:343) [scala-library-2.11.7.jar:na]
	at scala.concurrent.impl.CallbackRunnable.run(Promise.scala:32) [scala-library-2.11.7.jar:na]
	at play.api.libs.iteratee.Execution$trampoline$.execute(Execution.scala:70) [play-iteratees_2.11-2.4.9.jar:2.4.9]
	at scala.concurrent.impl.CallbackRunnable.executeWithValue(Promise.scala:40) [scala-library-2.11.7.jar:na]
	at scala.concurrent.impl.Promise$DefaultPromise.tryComplete(Promise.scala:248) [scala-library-2.11.7.jar:na]
	at scala.concurrent.Promise$class.tryFailure(Promise.scala:112) [scala-library-2.11.7.jar:na]
	at scala.concurrent.impl.Promise$DefaultPromise.tryFailure(Promise.scala:153) [scala-library-2.11.7.jar:na]
	at play.api.mvc.Filter$$anon$1$$anonfun$apply$4$$anonfun$apply$1.applyOrElse(Filters.scala:67) [play_2.11-2.4.9.jar:2.4.9]
	at play.api.mvc.Filter$$anon$1$$anonfun$apply$4$$anonfun$apply$1.applyOrElse(Filters.scala:61) [play_2.11-2.4.9.jar:2.4.9]
	at scala.runtime.AbstractPartialFunction.apply(AbstractPartialFunction.scala:36) [scala-library-2.11.7.jar:na]
	at play.api.libs.iteratee.Iteratee$$anonfun$recoverM$1.applyOrElse(Iteratee.scala:629) [play-iteratees_2.11-2.4.9.jar:2.4.9]
	at play.api.libs.iteratee.Iteratee$$anonfun$recoverM$1.applyOrElse(Iteratee.scala:629) [play-iteratees_2.11-2.4.9.jar:2.4.9]
	at scala.runtime.AbstractPartialFunction.apply(AbstractPartialFunction.scala:36) [scala-library-2.11.7.jar:na]
	at scala.util.Failure$$anonfun$recover$1.apply(Try.scala:216) [scala-library-2.11.7.jar:na]
	at scala.util.Try$.apply(Try.scala:192) [scala-library-2.11.7.jar:na]
	at scala.util.Failure.recover(Try.scala:216) [scala-library-2.11.7.jar:na]
	at scala.concurrent.Future$$anonfun$recover$1.apply(Future.scala:324) [scala-library-2.11.7.jar:na]
	at scala.concurrent.Future$$anonfun$recover$1.apply(Future.scala:324) [scala-library-2.11.7.jar:na]
	at scala.concurrent.impl.CallbackRunnable.run(Promise.scala:32) [scala-library-2.11.7.jar:na]
	at akka.dispatch.BatchingExecutor$AbstractBatch.processBatch(BatchingExecutor.scala:55) [akka-actor_2.11-2.3.13.jar:na]
	at akka.dispatch.BatchingExecutor$BlockableBatch$$anonfun$run$1.apply$mcV$sp(BatchingExecutor.scala:91) [akka-actor_2.11-2.3.13.jar:na]
	at akka.dispatch.BatchingExecutor$BlockableBatch$$anonfun$run$1.apply(BatchingExecutor.scala:91) [akka-actor_2.11-2.3.13.jar:na]
	at akka.dispatch.BatchingExecutor$BlockableBatch$$anonfun$run$1.apply(BatchingExecutor.scala:91) [akka-actor_2.11-2.3.13.jar:na]
	at scala.concurrent.BlockContext$.withBlockContext(BlockContext.scala:72) [scala-library-2.11.7.jar:na]
	at akka.dispatch.BatchingExecutor$BlockableBatch.run(BatchingExecutor.scala:90) [akka-actor_2.11-2.3.13.jar:na]
	at akka.dispatch.TaskInvocation.run(AbstractDispatcher.scala:40) [akka-actor_2.11-2.3.13.jar:na]
	at akka.dispatch.ForkJoinExecutorConfigurator$AkkaForkJoinTask.exec(AbstractDispatcher.scala:397) [akka-actor_2.11-2.3.13.jar:na]
	at scala.concurrent.forkjoin.ForkJoinTask.doExec(ForkJoinTask.java:260) [scala-library-2.11.7.jar:na]
	at scala.concurrent.forkjoin.ForkJoinPool$WorkQueue.runTask(ForkJoinPool.java:1339) [scala-library-2.11.7.jar:na]
	at scala.concurrent.forkjoin.ForkJoinPool.runWorker(ForkJoinPool.java:1979) [scala-library-2.11.7.jar:na]
	at scala.concurrent.forkjoin.ForkJoinWorkerThread.run(ForkJoinWorkerThread.java:107) [scala-library-2.11.7.jar:na]
Caused by: slick.SlickException: Read NULL value (null) for ResultSet column <computed>
	at slick.jdbc.SpecializedJdbcResultConverter$$anon$1.read(SpecializedJdbcResultConverters.scala:27) ~[slick_2.11-3.1.0.jar:na]
	at slick.jdbc.SpecializedJdbcResultConverter$$anon$1.read(SpecializedJdbcResultConverters.scala:24) ~[slick_2.11-3.1.0.jar:na]
	at slick.relational.ProductResultConverter.read(ResultConverter.scala:56) ~[slick_2.11-3.1.0.jar:na]
	at slick.relational.ProductResultConverter.read(ResultConverter.scala:46) ~[slick_2.11-3.1.0.jar:na]
	at slick.relational.TypeMappingResultConverter.read(ResultConverter.scala:136) ~[slick_2.11-3.1.0.jar:na]
	at slick.driver.JdbcInvokerComponent$QueryInvokerImpl.extractValue(JdbcInvokerComponent.scala:37) ~[slick_2.11-3.1.0.jar:na]
	at slick.jdbc.StatementInvoker$$anon$1.extractValue(StatementInvoker.scala:67) ~[slick_2.11-3.1.0.jar:na]
	at slick.jdbc.PositionedResultIterator.fetchNext(PositionedResult.scala:176) ~[slick_2.11-3.1.0.jar:na]
	at slick.util.ReadAheadIterator$class.slick$util$ReadAheadIterator$$update(ReadAheadIterator.scala:34) ~[slick_2.11-3.1.0.jar:na]
	at slick.util.ReadAheadIterator$class.hasNext(ReadAheadIterator.scala:40) ~[slick_2.11-3.1.0.jar:na]
	at slick.jdbc.PositionedResultIterator.hasNext(PositionedResult.scala:167) ~[slick_2.11-3.1.0.jar:na]
	at scala.collection.Iterator$class.foreach(Iterator.scala:742) ~[scala-library-2.11.7.jar:na]
	at slick.jdbc.PositionedResultIterator.foreach(PositionedResult.scala:167) ~[slick_2.11-3.1.0.jar:na]
	at slick.jdbc.Invoker$class.foreach(Invoker.scala:49) ~[slick_2.11-3.1.0.jar:na]
	at slick.jdbc.StatementInvoker.foreach(StatementInvoker.scala:16) ~[slick_2.11-3.1.0.jar:na]
	at slick.jdbc.StreamingInvokerAction$class.run(StreamingInvokerAction.scala:22) ~[slick_2.11-3.1.0.jar:na]
	at slick.driver.JdbcActionComponent$QueryActionExtensionMethodsImpl$$anon$1.run(JdbcActionComponent.scala:218) ~[slick_2.11-3.1.0.jar:na]
	at slick.driver.JdbcActionComponent$QueryActionExtensionMethodsImpl$$anon$1.run(JdbcActionComponent.scala:218) ~[slick_2.11-3.1.0.jar:na]
	at slick.backend.DatabaseComponent$DatabaseDef$$anon$2.liftedTree1$1(DatabaseComponent.scala:237) ~[slick_2.11-3.1.0.jar:na]
	at slick.backend.DatabaseComponent$DatabaseDef$$anon$2.run(DatabaseComponent.scala:237) ~[slick_2.11-3.1.0.jar:na]
	at java.util.concurrent.ThreadPoolExecutor.runWorker(ThreadPoolExecutor.java:1142) ~[na:1.8.0_131]
	at java.util.concurrent.ThreadPoolExecutor$Worker.run(ThreadPoolExecutor.java:617) ~[na:1.8.0_131]
	at java.lang.Thread.run(Thread.java:748) ~[na:1.8.0_131]
2017-07-01 01:39:39,296 [ERROR] from application in application-akka.actor.default-dispatcher-4 - 

! @74g0edbla - Internal server error, for (GET) [/pbrowse] ->
 
play.api.http.HttpErrorHandlerExceptions$$anon$1: Execution exception[[SlickException: Read NULL value (null) for ResultSet column <computed>]]
	at play.api.http.HttpErrorHandlerExceptions$.throwableToUsefulException(HttpErrorHandler.scala:265) ~[play_2.11-2.4.9.jar:2.4.9]
	at play.api.http.DefaultHttpErrorHandler.onServerError(HttpErrorHandler.scala:191) ~[play_2.11-2.4.9.jar:2.4.9]
	at play.api.GlobalSettings$class.onError(GlobalSettings.scala:179) [play_2.11-2.4.9.jar:2.4.9]
	at play.api.DefaultGlobal$.onError(GlobalSettings.scala:212) [play_2.11-2.4.9.jar:2.4.9]
	at play.api.http.GlobalSettingsHttpErrorHandler.onServerError(HttpErrorHandler.scala:94) [play_2.11-2.4.9.jar:2.4.9]
	at play.filters.cors.AbstractCORSPolicy$$anonfun$1.applyOrElse(AbstractCORSPolicy.scala:145) [filters-helpers_2.11-2.4.9.jar:2.4.9]
	at play.filters.cors.AbstractCORSPolicy$$anonfun$1.applyOrElse(AbstractCORSPolicy.scala:144) [filters-helpers_2.11-2.4.9.jar:2.4.9]
	at scala.concurrent.Future$$anonfun$recoverWith$1.apply(Future.scala:344) [scala-library-2.11.7.jar:na]
	at scala.concurrent.Future$$anonfun$recoverWith$1.apply(Future.scala:343) [scala-library-2.11.7.jar:na]
	at scala.concurrent.impl.CallbackRunnable.run(Promise.scala:32) [scala-library-2.11.7.jar:na]
	at play.api.libs.iteratee.Execution$trampoline$.execute(Execution.scala:70) [play-iteratees_2.11-2.4.9.jar:2.4.9]
	at scala.concurrent.impl.CallbackRunnable.executeWithValue(Promise.scala:40) [scala-library-2.11.7.jar:na]
	at scala.concurrent.impl.Promise$DefaultPromise.tryComplete(Promise.scala:248) [scala-library-2.11.7.jar:na]
	at scala.concurrent.Promise$class.tryFailure(Promise.scala:112) [scala-library-2.11.7.jar:na]
	at scala.concurrent.impl.Promise$DefaultPromise.tryFailure(Promise.scala:153) [scala-library-2.11.7.jar:na]
	at play.api.mvc.Filter$$anon$1$$anonfun$apply$4$$anonfun$apply$1.applyOrElse(Filters.scala:67) [play_2.11-2.4.9.jar:2.4.9]
	at play.api.mvc.Filter$$anon$1$$anonfun$apply$4$$anonfun$apply$1.applyOrElse(Filters.scala:61) [play_2.11-2.4.9.jar:2.4.9]
	at scala.runtime.AbstractPartialFunction.apply(AbstractPartialFunction.scala:36) [scala-library-2.11.7.jar:na]
	at play.api.libs.iteratee.Iteratee$$anonfun$recoverM$1.applyOrElse(Iteratee.scala:629) [play-iteratees_2.11-2.4.9.jar:2.4.9]
	at play.api.libs.iteratee.Iteratee$$anonfun$recoverM$1.applyOrElse(Iteratee.scala:629) [play-iteratees_2.11-2.4.9.jar:2.4.9]
	at scala.runtime.AbstractPartialFunction.apply(AbstractPartialFunction.scala:36) [scala-library-2.11.7.jar:na]
	at scala.util.Failure$$anonfun$recover$1.apply(Try.scala:216) [scala-library-2.11.7.jar:na]
	at scala.util.Try$.apply(Try.scala:192) [scala-library-2.11.7.jar:na]
	at scala.util.Failure.recover(Try.scala:216) [scala-library-2.11.7.jar:na]
	at scala.concurrent.Future$$anonfun$recover$1.apply(Future.scala:324) [scala-library-2.11.7.jar:na]
	at scala.concurrent.Future$$anonfun$recover$1.apply(Future.scala:324) [scala-library-2.11.7.jar:na]
	at scala.concurrent.impl.CallbackRunnable.run(Promise.scala:32) [scala-library-2.11.7.jar:na]
	at akka.dispatch.BatchingExecutor$AbstractBatch.processBatch(BatchingExecutor.scala:55) [akka-actor_2.11-2.3.13.jar:na]
	at akka.dispatch.BatchingExecutor$BlockableBatch$$anonfun$run$1.apply$mcV$sp(BatchingExecutor.scala:91) [akka-actor_2.11-2.3.13.jar:na]
	at akka.dispatch.BatchingExecutor$BlockableBatch$$anonfun$run$1.apply(BatchingExecutor.scala:91) [akka-actor_2.11-2.3.13.jar:na]
	at akka.dispatch.BatchingExecutor$BlockableBatch$$anonfun$run$1.apply(BatchingExecutor.scala:91) [akka-actor_2.11-2.3.13.jar:na]
	at scala.concurrent.BlockContext$.withBlockContext(BlockContext.scala:72) [scala-library-2.11.7.jar:na]
	at akka.dispatch.BatchingExecutor$BlockableBatch.run(BatchingExecutor.scala:90) [akka-actor_2.11-2.3.13.jar:na]
	at akka.dispatch.TaskInvocation.run(AbstractDispatcher.scala:40) [akka-actor_2.11-2.3.13.jar:na]
	at akka.dispatch.ForkJoinExecutorConfigurator$AkkaForkJoinTask.exec(AbstractDispatcher.scala:397) [akka-actor_2.11-2.3.13.jar:na]
	at scala.concurrent.forkjoin.ForkJoinTask.doExec(ForkJoinTask.java:260) [scala-library-2.11.7.jar:na]
	at scala.concurrent.forkjoin.ForkJoinPool$WorkQueue.runTask(ForkJoinPool.java:1339) [scala-library-2.11.7.jar:na]
	at scala.concurrent.forkjoin.ForkJoinPool.runWorker(ForkJoinPool.java:1979) [scala-library-2.11.7.jar:na]
	at scala.concurrent.forkjoin.ForkJoinWorkerThread.run(ForkJoinWorkerThread.java:107) [scala-library-2.11.7.jar:na]
Caused by: slick.SlickException: Read NULL value (null) for ResultSet column <computed>
	at slick.jdbc.SpecializedJdbcResultConverter$$anon$1.read(SpecializedJdbcResultConverters.scala:27) ~[slick_2.11-3.1.0.jar:na]
	at slick.jdbc.SpecializedJdbcResultConverter$$anon$1.read(SpecializedJdbcResultConverters.scala:24) ~[slick_2.11-3.1.0.jar:na]
	at slick.relational.ProductResultConverter.read(ResultConverter.scala:56) ~[slick_2.11-3.1.0.jar:na]
	at slick.relational.ProductResultConverter.read(ResultConverter.scala:46) ~[slick_2.11-3.1.0.jar:na]
	at slick.relational.TypeMappingResultConverter.read(ResultConverter.scala:136) ~[slick_2.11-3.1.0.jar:na]
	at slick.driver.JdbcInvokerComponent$QueryInvokerImpl.extractValue(JdbcInvokerComponent.scala:37) ~[slick_2.11-3.1.0.jar:na]
	at slick.jdbc.StatementInvoker$$anon$1.extractValue(StatementInvoker.scala:67) ~[slick_2.11-3.1.0.jar:na]
	at slick.jdbc.PositionedResultIterator.fetchNext(PositionedResult.scala:176) ~[slick_2.11-3.1.0.jar:na]
	at slick.util.ReadAheadIterator$class.slick$util$ReadAheadIterator$$update(ReadAheadIterator.scala:34) ~[slick_2.11-3.1.0.jar:na]
	at slick.util.ReadAheadIterator$class.hasNext(ReadAheadIterator.scala:40) ~[slick_2.11-3.1.0.jar:na]
	at slick.jdbc.PositionedResultIterator.hasNext(PositionedResult.scala:167) ~[slick_2.11-3.1.0.jar:na]
	at scala.collection.Iterator$class.foreach(Iterator.scala:742) ~[scala-library-2.11.7.jar:na]
	at slick.jdbc.PositionedResultIterator.foreach(PositionedResult.scala:167) ~[slick_2.11-3.1.0.jar:na]
	at slick.jdbc.Invoker$class.foreach(Invoker.scala:49) ~[slick_2.11-3.1.0.jar:na]
	at slick.jdbc.StatementInvoker.foreach(StatementInvoker.scala:16) ~[slick_2.11-3.1.0.jar:na]
	at slick.jdbc.StreamingInvokerAction$class.run(StreamingInvokerAction.scala:22) ~[slick_2.11-3.1.0.jar:na]
	at slick.driver.JdbcActionComponent$QueryActionExtensionMethodsImpl$$anon$1.run(JdbcActionComponent.scala:218) ~[slick_2.11-3.1.0.jar:na]
	at slick.driver.JdbcActionComponent$QueryActionExtensionMethodsImpl$$anon$1.run(JdbcActionComponent.scala:218) ~[slick_2.11-3.1.0.jar:na]
	at slick.backend.DatabaseComponent$DatabaseDef$$anon$2.liftedTree1$1(DatabaseComponent.scala:237) ~[slick_2.11-3.1.0.jar:na]
	at slick.backend.DatabaseComponent$DatabaseDef$$anon$2.run(DatabaseComponent.scala:237) ~[slick_2.11-3.1.0.jar:na]
	at java.util.concurrent.ThreadPoolExecutor.runWorker(ThreadPoolExecutor.java:1142) ~[na:1.8.0_131]
	at java.util.concurrent.ThreadPoolExecutor$Worker.run(ThreadPoolExecutor.java:617) ~[na:1.8.0_131]
	at java.lang.Thread.run(Thread.java:748) ~[na:1.8.0_131]
2017-07-01 01:40:13,221 [ERROR] from application in application-akka.actor.default-dispatcher-6 - 

! @74g0efa05 - Internal server error, for (GET) [/pbrowse] ->
 
play.api.http.HttpErrorHandlerExceptions$$anon$1: Execution exception[[SlickException: Read NULL value (null) for ResultSet column <computed>]]
	at play.api.http.HttpErrorHandlerExceptions$.throwableToUsefulException(HttpErrorHandler.scala:265) ~[play_2.11-2.4.9.jar:2.4.9]
	at play.api.http.DefaultHttpErrorHandler.onServerError(HttpErrorHandler.scala:191) ~[play_2.11-2.4.9.jar:2.4.9]
	at play.api.GlobalSettings$class.onError(GlobalSettings.scala:179) [play_2.11-2.4.9.jar:2.4.9]
	at play.api.DefaultGlobal$.onError(GlobalSettings.scala:212) [play_2.11-2.4.9.jar:2.4.9]
	at play.api.http.GlobalSettingsHttpErrorHandler.onServerError(HttpErrorHandler.scala:94) [play_2.11-2.4.9.jar:2.4.9]
	at play.filters.cors.AbstractCORSPolicy$$anonfun$1.applyOrElse(AbstractCORSPolicy.scala:145) [filters-helpers_2.11-2.4.9.jar:2.4.9]
	at play.filters.cors.AbstractCORSPolicy$$anonfun$1.applyOrElse(AbstractCORSPolicy.scala:144) [filters-helpers_2.11-2.4.9.jar:2.4.9]
	at scala.concurrent.Future$$anonfun$recoverWith$1.apply(Future.scala:344) [scala-library-2.11.7.jar:na]
	at scala.concurrent.Future$$anonfun$recoverWith$1.apply(Future.scala:343) [scala-library-2.11.7.jar:na]
	at scala.concurrent.impl.CallbackRunnable.run(Promise.scala:32) [scala-library-2.11.7.jar:na]
	at play.api.libs.iteratee.Execution$trampoline$.execute(Execution.scala:70) [play-iteratees_2.11-2.4.9.jar:2.4.9]
	at scala.concurrent.impl.CallbackRunnable.executeWithValue(Promise.scala:40) [scala-library-2.11.7.jar:na]
	at scala.concurrent.impl.Promise$DefaultPromise.tryComplete(Promise.scala:248) [scala-library-2.11.7.jar:na]
	at scala.concurrent.Promise$class.tryFailure(Promise.scala:112) [scala-library-2.11.7.jar:na]
	at scala.concurrent.impl.Promise$DefaultPromise.tryFailure(Promise.scala:153) [scala-library-2.11.7.jar:na]
	at play.api.mvc.Filter$$anon$1$$anonfun$apply$4$$anonfun$apply$1.applyOrElse(Filters.scala:67) [play_2.11-2.4.9.jar:2.4.9]
	at play.api.mvc.Filter$$anon$1$$anonfun$apply$4$$anonfun$apply$1.applyOrElse(Filters.scala:61) [play_2.11-2.4.9.jar:2.4.9]
	at scala.runtime.AbstractPartialFunction.apply(AbstractPartialFunction.scala:36) [scala-library-2.11.7.jar:na]
	at play.api.libs.iteratee.Iteratee$$anonfun$recoverM$1.applyOrElse(Iteratee.scala:629) [play-iteratees_2.11-2.4.9.jar:2.4.9]
	at play.api.libs.iteratee.Iteratee$$anonfun$recoverM$1.applyOrElse(Iteratee.scala:629) [play-iteratees_2.11-2.4.9.jar:2.4.9]
	at scala.runtime.AbstractPartialFunction.apply(AbstractPartialFunction.scala:36) [scala-library-2.11.7.jar:na]
	at scala.util.Failure$$anonfun$recover$1.apply(Try.scala:216) [scala-library-2.11.7.jar:na]
	at scala.util.Try$.apply(Try.scala:192) [scala-library-2.11.7.jar:na]
	at scala.util.Failure.recover(Try.scala:216) [scala-library-2.11.7.jar:na]
	at scala.concurrent.Future$$anonfun$recover$1.apply(Future.scala:324) [scala-library-2.11.7.jar:na]
	at scala.concurrent.Future$$anonfun$recover$1.apply(Future.scala:324) [scala-library-2.11.7.jar:na]
	at scala.concurrent.impl.CallbackRunnable.run(Promise.scala:32) [scala-library-2.11.7.jar:na]
	at akka.dispatch.BatchingExecutor$AbstractBatch.processBatch(BatchingExecutor.scala:55) [akka-actor_2.11-2.3.13.jar:na]
	at akka.dispatch.BatchingExecutor$BlockableBatch$$anonfun$run$1.apply$mcV$sp(BatchingExecutor.scala:91) [akka-actor_2.11-2.3.13.jar:na]
	at akka.dispatch.BatchingExecutor$BlockableBatch$$anonfun$run$1.apply(BatchingExecutor.scala:91) [akka-actor_2.11-2.3.13.jar:na]
	at akka.dispatch.BatchingExecutor$BlockableBatch$$anonfun$run$1.apply(BatchingExecutor.scala:91) [akka-actor_2.11-2.3.13.jar:na]
	at scala.concurrent.BlockContext$.withBlockContext(BlockContext.scala:72) [scala-library-2.11.7.jar:na]
	at akka.dispatch.BatchingExecutor$BlockableBatch.run(BatchingExecutor.scala:90) [akka-actor_2.11-2.3.13.jar:na]
	at akka.dispatch.TaskInvocation.run(AbstractDispatcher.scala:40) [akka-actor_2.11-2.3.13.jar:na]
	at akka.dispatch.ForkJoinExecutorConfigurator$AkkaForkJoinTask.exec(AbstractDispatcher.scala:397) [akka-actor_2.11-2.3.13.jar:na]
	at scala.concurrent.forkjoin.ForkJoinTask.doExec(ForkJoinTask.java:260) [scala-library-2.11.7.jar:na]
	at scala.concurrent.forkjoin.ForkJoinPool$WorkQueue.runTask(ForkJoinPool.java:1339) [scala-library-2.11.7.jar:na]
	at scala.concurrent.forkjoin.ForkJoinPool.runWorker(ForkJoinPool.java:1979) [scala-library-2.11.7.jar:na]
	at scala.concurrent.forkjoin.ForkJoinWorkerThread.run(ForkJoinWorkerThread.java:107) [scala-library-2.11.7.jar:na]
Caused by: slick.SlickException: Read NULL value (null) for ResultSet column <computed>
	at slick.jdbc.SpecializedJdbcResultConverter$$anon$1.read(SpecializedJdbcResultConverters.scala:27) ~[slick_2.11-3.1.0.jar:na]
	at slick.jdbc.SpecializedJdbcResultConverter$$anon$1.read(SpecializedJdbcResultConverters.scala:24) ~[slick_2.11-3.1.0.jar:na]
	at slick.relational.ProductResultConverter.read(ResultConverter.scala:56) ~[slick_2.11-3.1.0.jar:na]
	at slick.relational.ProductResultConverter.read(ResultConverter.scala:46) ~[slick_2.11-3.1.0.jar:na]
	at slick.relational.TypeMappingResultConverter.read(ResultConverter.scala:136) ~[slick_2.11-3.1.0.jar:na]
	at slick.driver.JdbcInvokerComponent$QueryInvokerImpl.extractValue(JdbcInvokerComponent.scala:37) ~[slick_2.11-3.1.0.jar:na]
	at slick.jdbc.StatementInvoker$$anon$1.extractValue(StatementInvoker.scala:67) ~[slick_2.11-3.1.0.jar:na]
	at slick.jdbc.PositionedResultIterator.fetchNext(PositionedResult.scala:176) ~[slick_2.11-3.1.0.jar:na]
	at slick.util.ReadAheadIterator$class.slick$util$ReadAheadIterator$$update(ReadAheadIterator.scala:34) ~[slick_2.11-3.1.0.jar:na]
	at slick.util.ReadAheadIterator$class.hasNext(ReadAheadIterator.scala:40) ~[slick_2.11-3.1.0.jar:na]
	at slick.jdbc.PositionedResultIterator.hasNext(PositionedResult.scala:167) ~[slick_2.11-3.1.0.jar:na]
	at scala.collection.Iterator$class.foreach(Iterator.scala:742) ~[scala-library-2.11.7.jar:na]
	at slick.jdbc.PositionedResultIterator.foreach(PositionedResult.scala:167) ~[slick_2.11-3.1.0.jar:na]
	at slick.jdbc.Invoker$class.foreach(Invoker.scala:49) ~[slick_2.11-3.1.0.jar:na]
	at slick.jdbc.StatementInvoker.foreach(StatementInvoker.scala:16) ~[slick_2.11-3.1.0.jar:na]
	at slick.jdbc.StreamingInvokerAction$class.run(StreamingInvokerAction.scala:22) ~[slick_2.11-3.1.0.jar:na]
	at slick.driver.JdbcActionComponent$QueryActionExtensionMethodsImpl$$anon$1.run(JdbcActionComponent.scala:218) ~[slick_2.11-3.1.0.jar:na]
	at slick.driver.JdbcActionComponent$QueryActionExtensionMethodsImpl$$anon$1.run(JdbcActionComponent.scala:218) ~[slick_2.11-3.1.0.jar:na]
	at slick.backend.DatabaseComponent$DatabaseDef$$anon$2.liftedTree1$1(DatabaseComponent.scala:237) ~[slick_2.11-3.1.0.jar:na]
	at slick.backend.DatabaseComponent$DatabaseDef$$anon$2.run(DatabaseComponent.scala:237) ~[slick_2.11-3.1.0.jar:na]
	at java.util.concurrent.ThreadPoolExecutor.runWorker(ThreadPoolExecutor.java:1142) ~[na:1.8.0_131]
	at java.util.concurrent.ThreadPoolExecutor$Worker.run(ThreadPoolExecutor.java:617) ~[na:1.8.0_131]
	at java.lang.Thread.run(Thread.java:748) ~[na:1.8.0_131]
2017-07-01 01:58:08,282 [WARN] from application in application-akka.actor.default-dispatcher-28 - Logger configuration in conf files is deprecated and has no effect. Use a logback configuration file instead.
2017-07-01 01:58:08,376 [INFO] from play.api.Play in application-akka.actor.default-dispatcher-28 - Application started (Dev)
2017-07-01 02:02:30,782 [WARN] from application in application-akka.actor.default-dispatcher-4 - Logger configuration in conf files is deprecated and has no effect. Use a logback configuration file instead.
2017-07-01 02:02:30,865 [INFO] from play.api.Play in application-akka.actor.default-dispatcher-4 - Application started (Dev)
2017-07-01 02:07:59,579 [WARN] from application in application-akka.actor.default-dispatcher-5 - Logger configuration in conf files is deprecated and has no effect. Use a logback configuration file instead.
2017-07-01 02:07:59,694 [INFO] from play.api.Play in application-akka.actor.default-dispatcher-5 - Application started (Dev)
